<?xml version="1.0" encoding="UTF-8" ?>
<testsuite tests="5" failures="0" name="com.shoppingBackend.NewTest" time="25.158" errors="0" skipped="4">
  <properties>
    <property name="java.runtime.name" value="Java(TM) SE Runtime Environment"/>
    <property name="sun.boot.library.path" value="D:\Java1\jdk1.8.0_171\jre\bin"/>
    <property name="java.vm.version" value="25.171-b11"/>
    <property name="java.vm.vendor" value="Oracle Corporation"/>
    <property name="maven.multiModuleProjectDirectory" value="C:\Users\hp\eclipse-workspace\shoppingBackend"/>
    <property name="java.vendor.url" value="http://java.oracle.com/"/>
    <property name="path.separator" value=";"/>
    <property name="guice.disable.misplaced.annotation.check" value="true"/>
    <property name="java.vm.name" value="Java HotSpot(TM) 64-Bit Server VM"/>
    <property name="file.encoding.pkg" value="sun.io"/>
    <property name="user.script" value=""/>
    <property name="user.country" value="IN"/>
    <property name="sun.java.launcher" value="SUN_STANDARD"/>
    <property name="sun.os.patch.level" value=""/>
    <property name="java.vm.specification.name" value="Java Virtual Machine Specification"/>
    <property name="user.dir" value="C:\Users\hp\eclipse-workspace\shoppingBackend"/>
    <property name="java.runtime.version" value="1.8.0_171-b11"/>
    <property name="java.awt.graphicsenv" value="sun.awt.Win32GraphicsEnvironment"/>
    <property name="java.endorsed.dirs" value="D:\Java1\jdk1.8.0_171\jre\lib\endorsed"/>
    <property name="os.arch" value="amd64"/>
    <property name="java.io.tmpdir" value="C:\Users\hp\AppData\Local\Temp\"/>
    <property name="line.separator" value="
"/>
    <property name="java.vm.specification.vendor" value="Oracle Corporation"/>
    <property name="user.variant" value=""/>
    <property name="os.name" value="Windows 10"/>
    <property name="classworlds.conf" value="C:\Users\hp\eclipse-workspace\.metadata\.plugins\org.eclipse.m2e.launching\launches\m2conf305059286461307896.tmp"/>
    <property name="sun.jnu.encoding" value="Cp1252"/>
    <property name="java.library.path" value="D:\Java1\jdk1.8.0_171\bin;C:\WINDOWS\Sun\Java\bin;C:\WINDOWS\system32;C:\WINDOWS;D:/Java1/jdk1.8.0_171/bin/../jre/bin/server;D:/Java1/jdk1.8.0_171/bin/../jre/bin;D:/Java1/jdk1.8.0_171/bin/../jre/lib/amd64;C:\Program Files\Microsoft MPI\Bin\;C:\ProgramData\Oracle\Java\javapath;C:\WINDOWS\system32;C:\WINDOWS;C:\WINDOWS\System32\Wbem;C:\WINDOWS\System32\WindowsPowerShell\v1.0\;C:\Program Files\Microsoft SQL Server\130\Tools\Binn\;D:\matlab 1\runtime\win64;D:\matlab 1\bin;C:\Python27;D:\Git\cmd;D:\apache-maven-3.5.3\bin;D:\Java1\jdk1.8.0_171\bin;D:\python\Scripts\;D:\python\;C:\Python27;C:\ProgramData\Oracle\Java\javapath;C:\WINDOWS\system32;C:\WINDOWS;C:\WINDOWS\System32\Wbem;C:\WINDOWS\System32\WindowsPowerShell\v1.0\;C:\Program Files\Microsoft SQL Server\130\Tools\Binn\;D:\matlab 1\runtime\win64;D:\matlab 1\bin;C:\Users\hp\AppData\Local\Programs\Python\Python36-32\Scripts\;C:\Users\hp\AppData\Local\Programs\Python\Python36-32\;C:\Users\hp\AppData\Local\Microsoft\WindowsApps;D:\Java1\jdk1.8.0_171\bin;D:\eclipse;;."/>
    <property name="java.specification.name" value="Java Platform API Specification"/>
    <property name="java.class.version" value="52.0"/>
    <property name="sun.management.compiler" value="HotSpot 64-Bit Tiered Compilers"/>
    <property name="os.version" value="10.0"/>
    <property name="user.home" value="C:\Users\hp"/>
    <property name="user.timezone" value="Asia/Calcutta"/>
    <property name="java.awt.printerjob" value="sun.awt.windows.WPrinterJob"/>
    <property name="java.specification.version" value="1.8"/>
    <property name="file.encoding" value="Cp1252"/>
    <property name="user.name" value="hp"/>
    <property name="java.class.path" value="D:\eclipse\plugins\org.eclipse.m2e.maven.runtime_1.8.3.20180227-2135\jars\plexus-classworlds-2.5.2.jar"/>
    <property name="java.vm.specification.version" value="1.8"/>
    <property name="sun.arch.data.model" value="64"/>
    <property name="java.home" value="D:\Java1\jdk1.8.0_171\jre"/>
    <property name="sun.java.command" value="org.codehaus.plexus.classworlds.launcher.Launcher -B install"/>
    <property name="java.specification.vendor" value="Oracle Corporation"/>
    <property name="user.language" value="en"/>
    <property name="awt.toolkit" value="sun.awt.windows.WToolkit"/>
    <property name="java.vm.info" value="mixed mode"/>
    <property name="java.version" value="1.8.0_171"/>
    <property name="java.ext.dirs" value="D:\Java1\jdk1.8.0_171\jre\lib\ext;C:\WINDOWS\Sun\Java\lib\ext"/>
    <property name="sun.boot.class.path" value="D:\Java1\jdk1.8.0_171\jre\lib\resources.jar;D:\Java1\jdk1.8.0_171\jre\lib\rt.jar;D:\Java1\jdk1.8.0_171\jre\lib\sunrsasign.jar;D:\Java1\jdk1.8.0_171\jre\lib\jsse.jar;D:\Java1\jdk1.8.0_171\jre\lib\jce.jar;D:\Java1\jdk1.8.0_171\jre\lib\charsets.jar;D:\Java1\jdk1.8.0_171\jre\lib\jfr.jar;D:\Java1\jdk1.8.0_171\jre\classes"/>
    <property name="java.vendor" value="Oracle Corporation"/>
    <property name="maven.home" value="C:\Users\hp\eclipse-workspace\shoppingBackend\EMBEDDED"/>
    <property name="file.separator" value="\"/>
    <property name="java.vendor.url.bug" value="http://bugreport.sun.com/bugreport/"/>
    <property name="sun.cpu.endian" value="little"/>
    <property name="sun.io.unicode.encoding" value="UnicodeLittle"/>
    <property name="sun.desktop" value="windows"/>
    <property name="sun.cpu.isalist" value="amd64"/>
  </properties>
  <testcase classname="com.shoppingBackend.NewTest" name="testGetSingleUser" time="19.579">
    <skipped/>
    <system-out>driver manager data source
set driver class name
set url
set username
set password
local session
obj
prop put 1
prop 2
prop 3
prop 4
add prop
scan packages
</system-out>
    <system-err>Jul 16, 2018 11:00:11 AM org.springframework.context.support.AbstractApplicationContext prepareRefresh
INFO: Refreshing org.springframework.context.annotation.AnnotationConfigApplicationContext@b684286: startup date [Mon Jul 16 11:00:11 IST 2018]; root of context hierarchy
Jul 16, 2018 11:00:12 AM org.springframework.jdbc.datasource.DriverManagerDataSource setDriverClassName
INFO: Loaded JDBC driver: org.h2.Driver
Jul 16, 2018 11:00:13 AM org.hibernate.Version logVersion
INFO: HHH000412: Hibernate Core {5.3.1.Final}
Jul 16, 2018 11:00:13 AM org.hibernate.cfg.Environment &lt;clinit&gt;
INFO: HHH000206: hibernate.properties not found
Jul 16, 2018 11:00:14 AM org.hibernate.annotations.common.reflection.java.JavaReflectionManager &lt;clinit&gt;
INFO: HCANN000001: Hibernate Commons Annotations {5.0.3.Final}
Jul 16, 2018 11:00:17 AM org.hibernate.dialect.Dialect &lt;init&gt;
INFO: HHH000400: Using dialect: org.hibernate.dialect.H2Dialect
Jul 16, 2018 11:00:29 AM org.springframework.orm.hibernate5.HibernateTransactionManager afterPropertiesSet
INFO: Using DataSource [org.springframework.jdbc.datasource.DriverManagerDataSource@2df3b89c] of Hibernate SessionFactory for HibernateTransactionManager
</system-err>
  </testcase>
  <testcase classname="com.shoppingBackend.NewTest" name="testAddUser" time="1.394"/>
  <testcase classname="com.shoppingBackend.NewTest" name="testUpdateUser" time="1.395">
    <skipped/>
  </testcase>
  <testcase classname="com.shoppingBackend.NewTest" name="testGetAllUser" time="1.395">
    <skipped/>
  </testcase>
  <testcase classname="com.shoppingBackend.NewTest" name="testDeleteUser" time="1.395">
    <skipped/>
  </testcase>
</testsuite>